<?xml version="1.0" encoding="UTF-8"?>
<testng-results ignored="0" total="1" passed="1" failed="0" skipped="0">
  <reporter-output>
  </reporter-output>
  <suite started-at="2026-04-04T03:11:17 IST" name="Surefire suite" finished-at="2026-04-04T03:12:02 IST" duration-ms="44725">
    <groups>
    </groups>
    <test started-at="2026-04-04T03:11:17 IST" name="Surefire test" finished-at="2026-04-04T03:12:02 IST" duration-ms="44725">
      <class name="com.example.SampleTest">
        <test-method signature="testPerfecto()[pri:0, instance:com.example.SampleTest@2dfaea86]" started-at="2026-04-04T03:11:17 IST" name="testPerfecto" finished-at="2026-04-04T03:12:02 IST" duration-ms="44708" status="PASS">
          <reporter-output>
          </reporter-output>
        </test-method> <!-- testPerfecto -->
      </class> <!-- com.example.SampleTest -->
    </test> <!-- Surefire test -->
  </suite> <!-- Surefire suite -->
</testng-results>
