<?xml version="1.0" encoding="UTF-8"?>
<testsuite xmlns:xsi="http://www.w3.org/2001/XMLSchema-instance" xsi:noNamespaceSchemaLocation="https://maven.apache.org/surefire/maven-surefire-plugin/xsd/surefire-test-report-3.0.xsd" version="3.0" name="com.example.SampleTest" time="45.994" tests="1" errors="0" skipped="0" failures="0">
  <properties>
[...]
</properties>
  <testcase name="testPerfecto" classname="com.example.SampleTest" time="44.711">
    <system-out><![CDATA[03:11:16,177 |-INFO in ch.qos.logback.classic.LoggerContext[PerfectoMobile] - Could NOT find resource [logback.groovy]
03:11:16,178 |-INFO in ch.qos.logback.classic.LoggerContext[PerfectoMobile] - Could NOT find resource [logback-test.xml]
03:11:16,178 |-INFO in ch.qos.logback.classic.LoggerContext[PerfectoMobile] - Found resource [logback.xml] at [jar:file:/Users/shital.karnani/.m2/repository/com/perfectomobile/pm-webdriver/18.6.0.0/pm-webdriver-18.6.0.0.jar!/logback.xml]
03:11:16,181 |-INFO in ch.qos.logback.core.joran.spi.ConfigurationWatchList@5542c4ed - URL [jar:file:/Users/shital.karnani/.m2/repository/com/perfectomobile/pm-webdriver/18.6.0.0/pm-webdriver-18.6.0.0.jar!/logback.xml] is not of type file
03:11:16,218 |-INFO in ch.qos.logback.classic.joran.action.ConfigurationAction - debug attribute not set
03:11:17,162 |-INFO in ch.qos.logback.classic.joran.action.ContextNameAction - Setting logger context name as [PerfectoMobile]
03:11:17,163 |-ERROR in ch.qos.logback.core.joran.action.PropertyAction - Could not find resource [logback.properties].
03:11:17,164 |-ERROR in ch.qos.logback.core.joran.action.PropertyAction - Could not find resource [logback.local.properties].
03:11:17,164 |-INFO in ch.qos.logback.classic.joran.action.JMXConfiguratorAction - begin
03:11:17,248 |-INFO in ch.qos.logback.core.joran.action.AppenderAction - About to instantiate appender of type [ch.qos.logback.core.ConsoleAppender]
03:11:17,249 |-INFO in ch.qos.logback.core.joran.action.AppenderAction - Naming appender as [CONSOLE]
03:11:17,257 |-INFO in ch.qos.logback.core.joran.action.NestedComplexPropertyIA - Assuming default type [ch.qos.logback.classic.encoder.PatternLayoutEncoder] for [encoder] property
03:11:17,285 |-INFO in ch.qos.logback.core.joran.action.AppenderAction - About to instantiate appender of type [ch.qos.logback.core.rolling.RollingFileAppender]
03:11:17,285 |-INFO in ch.qos.logback.core.joran.action.AppenderAction - Naming appender as [ADAPTER_FILE]
03:11:17,287 |-ERROR in ch.qos.logback.core.joran.action.NestedComplexPropertyIA - Could not create component [rollingPolicy] of type [ch.qos.logback.core.rolling.SizeAndTimeBasedRollingPolicy] java.lang.ClassNotFoundException: ch.qos.logback.core.rolling.SizeAndTimeBasedRollingPolicy
	at java.lang.ClassNotFoundException: ch.qos.logback.core.rolling.SizeAndTimeBasedRollingPolicy
	at 	at java.base/jdk.internal.loader.BuiltinClassLoader.loadClass(BuiltinClassLoader.java:580)
	at 	at java.base/java.lang.ClassLoader.loadClass(ClassLoader.java:490)
	at 	at ch.qos.logback.core.util.Loader.loadClass(Loader.java:125)
	at 	at ch.qos.logback.core.joran.action.NestedComplexPropertyIA.begin(NestedComplexPropertyIA.java:100)
	at 	at ch.qos.logback.core.joran.spi.Interpreter.callBeginAction(Interpreter.java:275)
	at 	at ch.qos.logback.core.joran.spi.Interpreter.startElement(Interpreter.java:147)
	at 	at ch.qos.logback.core.joran.spi.Interpreter.startElement(Interpreter.java:129)
	at 	at ch.qos.logback.core.joran.spi.EventPlayer.play(EventPlayer.java:50)
	at 	at ch.qos.logback.core.joran.GenericConfigurator.doConfigure(GenericConfigurator.java:149)
	at 	at ch.qos.logback.core.joran.GenericConfigurator.doConfigure(GenericConfigurator.java:135)
	at 	at ch.qos.logback.core.joran.GenericConfigurator.doConfigure(GenericConfigurator.java:99)
	at 	at ch.qos.logback.core.joran.GenericConfigurator.doConfigure(GenericConfigurator.java:49)
	at 	at ch.qos.logback.classic.util.ContextInitializer.configureByResource(ContextInitializer.java:77)
	at 	at ch.qos.logback.classic.util.ContextInitializer.autoConfig(ContextInitializer.java:152)
	at 	at org.slf4j.impl.StaticLoggerBinder.init(StaticLoggerBinder.java:85)
	at 	at org.slf4j.impl.StaticLoggerBinder.<clinit>(StaticLoggerBinder.java:55)
	at 	at org.slf4j.LoggerFactory.bind(LoggerFactory.java:143)
	at 	at org.slf4j.LoggerFactory.performInitialization(LoggerFactory.java:122)
	at 	at org.slf4j.LoggerFactory.getILoggerFactory(LoggerFactory.java:378)
	at 	at org.slf4j.LoggerFactory.getLogger(LoggerFactory.java:328)
	at 	at org.slf4j.LoggerFactory.getLogger(LoggerFactory.java:349)
	at 	at org.testng.log4testng.Logger.lambda$getLogger$0(Logger.java:30)
	at 	at java.base/java.util.concurrent.ConcurrentHashMap.computeIfAbsent(ConcurrentHashMap.java:1724)
	at 	at org.testng.log4testng.Logger.getLogger(Logger.java:30)
	at 	at org.testng.TestNG.<clinit>(TestNG.java:111)
	at 	at org.apache.maven.surefire.testng.TestNGExecutor.run(TestNGExecutor.java:102)
	at 	at org.apache.maven.surefire.testng.TestNGDirectoryTestSuite.executeSingleClass(TestNGDirectoryTestSuite.java:102)
	at 	at org.apache.maven.surefire.testng.TestNGDirectoryTestSuite.execute(TestNGDirectoryTestSuite.java:91)
	at 	at org.apache.maven.surefire.testng.TestNGProvider.invoke(TestNGProvider.java:137)
	at 	at org.apache.maven.surefire.booter.ForkedBooter.runSuitesInProcess(ForkedBooter.java:385)
	at 	at org.apache.maven.surefire.booter.ForkedBooter.execute(ForkedBooter.java:162)
	at 	at org.apache.maven.surefire.booter.ForkedBooter.run(ForkedBooter.java:507)
	at 	at org.apache.maven.surefire.booter.ForkedBooter.main(ForkedBooter.java:495)
03:11:17,287 |-ERROR in ch.qos.logback.core.joran.spi.Interpreter@27:21 - no applicable action for [fileNamePattern], current ElementPath  is [[configuration][appender][rollingPolicy][fileNamePattern]]
03:11:17,287 |-ERROR in ch.qos.logback.core.joran.spi.Interpreter@28:25 - no applicable action for [cleanHistoryOnStart], current ElementPath  is [[configuration][appender][rollingPolicy][cleanHistoryOnStart]]
03:11:17,287 |-ERROR in ch.qos.logback.core.joran.spi.Interpreter@29:20 - no applicable action for [maxFileSize], current ElementPath  is [[configuration][appender][rollingPolicy][maxFileSize]]
03:11:17,287 |-ERROR in ch.qos.logback.core.joran.spi.Interpreter@30:22 - no applicable action for [maxHistory], current ElementPath  is [[configuration][appender][rollingPolicy][maxHistory]]
03:11:17,287 |-INFO in ch.qos.logback.core.joran.action.NestedComplexPropertyIA - Assuming default type [ch.qos.logback.classic.encoder.PatternLayoutEncoder] for [encoder] property
03:11:17,288 |-WARN in ch.qos.logback.core.rolling.RollingFileAppender[ADAPTER_FILE] - No TriggeringPolicy was set for the RollingFileAppender named ADAPTER_FILE
03:11:17,288 |-WARN in ch.qos.logback.core.rolling.RollingFileAppender[ADAPTER_FILE] - For more information, please visit http://logback.qos.ch/codes.html#rfa_no_tp
03:11:17,288 |-INFO in ch.qos.logback.classic.joran.action.LoggerAction - Setting level of logger [com.perfectomobile] to DEBUG
03:11:17,288 |-INFO in ch.qos.logback.classic.joran.action.RootLoggerAction - Setting level of ROOT logger to DEBUG
03:11:17,288 |-INFO in ch.qos.logback.core.joran.action.AppenderRefAction - Attaching appender named [ADAPTER_FILE] to Logger[ROOT]
03:11:17,288 |-INFO in ch.qos.logback.core.joran.action.AppenderRefAction - Attaching appender named [CONSOLE] to Logger[ROOT]
03:11:17,288 |-INFO in ch.qos.logback.classic.joran.action.ConfigurationAction - End of configuration.
03:11:17,288 |-INFO in ch.qos.logback.classic.joran.JoranConfigurator@1f2586d6 - Registering current configuration as safe fallback point

Cloud: demo
Token present: true
Token length: 797
Creating driver...
Session ID: d980620d-2b8e-4bea-8d0d-5e8515b8f056
Opening website...
]]></system-out>
  </testcase>
</testsuite>